#
# There is insufficient memory for the Java Runtime Environment to continue.
# Native memory allocation (malloc) failed to allocate 351056 bytes for Chunk::new
# Possible reasons:
#   The system is out of physical RAM or swap space
#   In 32 bit mode, the process size limit was hit
# Possible solutions:
#   Reduce memory load on the system
#   Increase physical memory or swap space
#   Check if swap backing store is full
#   Use 64 bit Java on a 64 bit OS
#   Decrease Java heap size (-Xmx/-Xms)
#   Decrease number of Java threads
#   Decrease Java thread stack sizes (-Xss)
#   Set larger code cache with -XX:ReservedCodeCacheSize=
# This output file may be truncated or incomplete.
#
#  Out of Memory Error (allocation.cpp:390), pid=21404, tid=0x00000000000050fc
#
# JRE version: Java(TM) SE Runtime Environment (8.0_131-b11) (build 1.8.0_131-b11)
# Java VM: Java HotSpot(TM) 64-Bit Server VM (25.131-b11 mixed mode windows-amd64 compressed oops)
# Failed to write core dump. Minidumps are not enabled by default on client versions of Windows
#

---------------  T H R E A D  ---------------

Current thread (0x00000000175ef800):  JavaThread "C2 CompilerThread1" daemon [_thread_in_native, id=20732, stack(0x0000000018d50000,0x0000000018e50000)]

Stack: [0x0000000018d50000,0x0000000018e50000]
[error occurred during error reporting (printing stack bounds), id 0xc0000005]

Native frames: (J=compiled Java code, j=interpreted, Vv=VM code, C=native code)


Current CompileTask:
C2:   1488  434   !   4       sun.awt.image.PNGImageDecoder::produceImage (1916 bytes)


---------------  P R O C E S S  ---------------

Java Threads: ( => current thread )
  0x0000000019833000 JavaThread "TimerQueue" daemon [_thread_blocked, id=10568, stack(0x000000001aca0000,0x000000001ada0000)]
  0x0000000002990800 JavaThread "DestroyJavaVM" [_thread_blocked, id=20616, stack(0x0000000002840000,0x0000000002940000)]
  0x000000001982e000 JavaThread "AWT-EventQueue-0" [_thread_in_native, id=21344, stack(0x000000001a760000,0x000000001a860000)]
  0x0000000019329000 JavaThread "Image Fetcher 0" daemon [_thread_blocked, id=20588, stack(0x000000001a660000,0x000000001a760000)]
  0x0000000019311000 JavaThread "AWT-Windows" daemon [_thread_in_native, id=21012, stack(0x000000001a090000,0x000000001a190000)]
  0x00000000192fb000 JavaThread "AWT-Shutdown" [_thread_blocked, id=6380, stack(0x0000000019f90000,0x000000001a090000)]
  0x00000000192f9000 JavaThread "Java2D Disposer" daemon [_thread_blocked, id=19668, stack(0x0000000019e90000,0x0000000019f90000)]
  0x0000000018f80800 JavaThread "Service Thread" daemon [_thread_blocked, id=15384, stack(0x0000000019350000,0x0000000019450000)]
  0x00000000175f5800 JavaThread "C1 CompilerThread2" daemon [_thread_blocked, id=20816, stack(0x0000000018e50000,0x0000000018f50000)]
=>0x00000000175ef800 JavaThread "C2 CompilerThread1" daemon [_thread_in_native, id=20732, stack(0x0000000018d50000,0x0000000018e50000)]
  0x00000000175ec800 JavaThread "C2 CompilerThread0" daemon [_thread_blocked, id=19676, stack(0x0000000018c50000,0x0000000018d50000)]
  0x00000000175ea800 JavaThread "Attach Listener" daemon [_thread_blocked, id=17212, stack(0x0000000018b50000,0x0000000018c50000)]
  0x00000000175e9000 JavaThread "Signal Dispatcher" daemon [_thread_blocked, id=9436, stack(0x0000000018a50000,0x0000000018b50000)]
  0x00000000175da000 JavaThread "Finalizer" daemon [_thread_blocked, id=20632, stack(0x0000000018850000,0x0000000018950000)]
  0x0000000002a7f000 JavaThread "Reference Handler" daemon [_thread_blocked, id=16784, stack(0x0000000018750000,0x0000000018850000)]

Other Threads:
  0x00000000175b8000 VMThread [stack: 0x0000000018650000,0x0000000018750000] [id=6096]
  0x0000000018f82800 WatcherThread [stack: 0x0000000019590000,0x0000000019690000] [id=20600]

VM state:not at safepoint (normal execution)

VM Mutex/Monitor currently owned by a thread: None

Heap:
 PSYoungGen      total 38400K, used 11550K [0x00000000d5d00000, 0x00000000d8780000, 0x0000000100000000)
  eden space 33280K, 34% used [0x00000000d5d00000,0x00000000d6847868,0x00000000d7d80000)
  from space 5120K, 0% used [0x00000000d8280000,0x00000000d8280000,0x00000000d8780000)
  to   space 5120K, 0% used [0x00000000d7d80000,0x00000000d7d80000,0x00000000d8280000)
 ParOldGen       total 87552K, used 0K [0x0000000081600000, 0x0000000086b80000, 0x00000000d5d00000)
  object space 87552K, 0% used [0x0000000081600000,0x0000000081600000,0x0000000086b80000)
 Metaspace       used 9236K, capacity 9460K, committed 9728K, reserved 1058816K
  class space    used 1168K, capacity 1254K, committed 1280K, reserved 1048576K

Card table byte_map: [0x0000000011e50000,0x0000000012250000] byte_map_base: 0x0000000011a45000

Marking Bits: (ParMarkBitMap*) 0x000000006bd3c720
 Begin Bits: [0x0000000012900000, 0x00000000148a8000)
 End Bits:   [0x00000000148a8000, 0x0000000016850000)

Polling page: 0x0000000000bc0000

CodeCache: size=245760Kb used=2115Kb max_used=2122Kb free=243644Kb
 bounds [0x0000000002a90000, 0x0000000002d00000, 0x0000000011a90000]
 total_blobs=904 nmethods=449 adapters=368
 compilation: enabled

Compilation events (10 events):
Event: 1.455 Thread 0x00000000175f5800  445       3       java.awt.Component::isValid (20 bytes)
Event: 1.455 Thread 0x00000000175f5800 nmethod 445 0x0000000002c9d650 code [0x0000000002c9d7a0, 0x0000000002c9d990]
Event: 1.455 Thread 0x00000000175f5800  446       3       java.lang.Class::getInterfaces (41 bytes)
Event: 1.456 Thread 0x00000000175f5800 nmethod 446 0x0000000002c9da10 code [0x0000000002c9dbc0, 0x0000000002c9e018]
Event: 1.456 Thread 0x00000000175f5800  447       3       java.awt.Component::checkTreeLock (21 bytes)
Event: 1.456 Thread 0x00000000175f5800 nmethod 447 0x0000000002c9e190 code [0x0000000002c9e320, 0x0000000002c9e678]
Event: 1.463 Thread 0x00000000175f5800  449       3       java.awt.Component::getContainer (5 bytes)
Event: 1.463 Thread 0x00000000175f5800 nmethod 449 0x0000000002c9eb50 code [0x0000000002c9eca0, 0x0000000002c9ee90]
Event: 1.463 Thread 0x00000000175f5800  450       1       java.awt.Component::isVisible_NoClientCode (5 bytes)
Event: 1.463 Thread 0x00000000175f5800 nmethod 450 0x0000000002c909d0 code [0x0000000002c90b20, 0x0000000002c90c30]

GC Heap History (0 events):
No events

Deoptimization events (5 events):
Event: 0.368 Thread 0x000000001982e000 Uncommon trap: reason=class_check action=maybe_recompile pc=0x0000000002c01f28 method=java.lang.String.equals(Ljava/lang/Object;)Z @ 8
Event: 0.369 Thread 0x000000001982e000 Uncommon trap: reason=class_check action=maybe_recompile pc=0x0000000002c01f28 method=java.lang.String.equals(Ljava/lang/Object;)Z @ 8
Event: 0.370 Thread 0x000000001982e000 Uncommon trap: reason=class_check action=maybe_recompile pc=0x0000000002c01f28 method=java.lang.String.equals(Ljava/lang/Object;)Z @ 8
Event: 0.370 Thread 0x000000001982e000 Uncommon trap: reason=class_check action=maybe_recompile pc=0x0000000002c01f28 method=java.lang.String.equals(Ljava/lang/Object;)Z @ 8
Event: 1.428 Thread 0x0000000019329000 Uncommon trap: reason=unstable_if action=reinterpret pc=0x0000000002c267b4 method=sun.awt.image.PNGImageDecoder.update_crc(I[BII)I @ 7

Internal exceptions (10 events):
Event: 0.079 Thread 0x0000000002990800 Exception <a 'java/lang/NoSuchMethodError': Method sun.misc.Unsafe.prefetchRead(Ljava/lang/Object;J)V name or signature does not match> (0x00000000d5d07f90) thrown at [C:\re\workspace\8-2-build-windows-amd64-cygwin\jdk8u131\8869\hotspot\src\share\vm\prims
Event: 0.114 Thread 0x0000000002990800 Exception <a 'java/io/FileNotFoundException'> (0x00000000d5d595e0) thrown at [C:\re\workspace\8-2-build-windows-amd64-cygwin\jdk8u131\8869\hotspot\src\share\vm\prims\jni.cpp, line 709]
Event: 0.135 Thread 0x0000000002990800 Exception <a 'java/security/PrivilegedActionException'> (0x00000000d5d84938) thrown at [C:\re\workspace\8-2-build-windows-amd64-cygwin\jdk8u131\8869\hotspot\src\share\vm\prims\jvm.cpp, line 1390]
Event: 0.135 Thread 0x0000000002990800 Exception <a 'java/security/PrivilegedActionException'> (0x00000000d5d84b48) thrown at [C:\re\workspace\8-2-build-windows-amd64-cygwin\jdk8u131\8869\hotspot\src\share\vm\prims\jvm.cpp, line 1390]
Event: 0.135 Thread 0x0000000002990800 Exception <a 'java/security/PrivilegedActionException'> (0x00000000d5d887b8) thrown at [C:\re\workspace\8-2-build-windows-amd64-cygwin\jdk8u131\8869\hotspot\src\share\vm\prims\jvm.cpp, line 1390]
Event: 0.135 Thread 0x0000000002990800 Exception <a 'java/security/PrivilegedActionException'> (0x00000000d5d889c8) thrown at [C:\re\workspace\8-2-build-windows-amd64-cygwin\jdk8u131\8869\hotspot\src\share\vm\prims\jvm.cpp, line 1390]
Event: 0.142 Thread 0x0000000002990800 Exception <a 'java/io/FileNotFoundException'> (0x00000000d5d8fc60) thrown at [C:\re\workspace\8-2-build-windows-amd64-cygwin\jdk8u131\8869\hotspot\src\share\vm\prims\jni.cpp, line 709]
Event: 0.173 Thread 0x0000000002990800 Exception <a 'java/lang/NoSuchFieldError': method resolution failed> (0x00000000d5f03a20) thrown at [C:\re\workspace\8-2-build-windows-amd64-cygwin\jdk8u131\8869\hotspot\src\share\vm\prims\methodHandles.cpp, line 1146]
Event: 0.175 Thread 0x0000000002990800 Exception <a 'java/lang/NoSuchFieldError': method resolution failed> (0x00000000d5f10df0) thrown at [C:\re\workspace\8-2-build-windows-amd64-cygwin\jdk8u131\8869\hotspot\src\share\vm\prims\methodHandles.cpp, line 1146]
Event: 0.205 Thread 0x0000000002990800 Exception <a 'java/io/FileNotFoundException'> (0x00000000d5fa5938) thrown at [C:\re\workspace\8-2-build-windows-amd64-cygwin\jdk8u131\8869\hotspot\src\share\vm\prims\jni.cpp, line 709]

Events (10 events):
Event: 1.425 loading class javax/swing/JRadioButton done
Event: 1.427 loading class charselect$1
Event: 1.427 loading class charselect$1 done
Event: 1.428 Thread 0x0000000019329000 DEOPT PACKING pc=0x0000000002c21330 sp=0x000000001a75f160
Event: 1.428 Thread 0x0000000019329000 DEOPT UNPACKING pc=0x0000000002ad787f sp=0x000000001a75ee88 mode 0
Event: 1.428 Thread 0x0000000019329000 Uncommon trap: trap_request=0xffffff65 fr.pc=0x0000000002c267b4
Event: 1.428 Thread 0x0000000019329000 DEOPT PACKING pc=0x0000000002c267b4 sp=0x000000001a75f140
Event: 1.428 Thread 0x0000000019329000 DEOPT UNPACKING pc=0x0000000002ad582a sp=0x000000001a75f110 mode 2
Event: 1.452 loading class charselect$startmatchT
Event: 1.452 loading class charselect$startmatchT done


Dynamic libraries:
0x00007ff6ceb80000 - 0x00007ff6cebb7000 	C:\Program Files\Java\jre1.8.0_131\bin\javaw.exe
0x00007ff9393c0000 - 0x00007ff939591000 	C:\Windows\SYSTEM32\ntdll.dll
0x00007ff936a00000 - 0x00007ff936aac000 	C:\Windows\System32\KERNEL32.DLL
0x00007ff936430000 - 0x00007ff93664d000 	C:\Windows\System32\KERNELBASE.dll
0x00007ff9370a0000 - 0x00007ff937142000 	C:\Windows\System32\ADVAPI32.dll
0x00007ff937000000 - 0x00007ff93709e000 	C:\Windows\System32\msvcrt.dll
0x00007ff9386e0000 - 0x00007ff938739000 	C:\Windows\System32\sechost.dll
0x00007ff936c00000 - 0x00007ff936d21000 	C:\Windows\System32\RPCRT4.dll
0x00007ff939250000 - 0x00007ff9393b5000 	C:\Windows\System32\USER32.dll
0x00007ff936200000 - 0x00007ff93621e000 	C:\Windows\System32\win32u.dll
0x00007ff936950000 - 0x00007ff936984000 	C:\Windows\System32\GDI32.dll
0x00007ff936650000 - 0x00007ff9367d2000 	C:\Windows\System32\gdi32full.dll
0x00007ff92a960000 - 0x00007ff92abda000 	C:\Windows\WinSxS\amd64_microsoft.windows.common-controls_6595b64144ccf1df_6.0.14393.953_none_42151e83c686086b\COMCTL32.dll
0x00007ff936d30000 - 0x00007ff936ff8000 	C:\Windows\System32\combase.dll
0x00007ff9367e0000 - 0x00007ff9368d5000 	C:\Windows\System32\ucrtbase.dll
0x00007ff9368e0000 - 0x00007ff93694a000 	C:\Windows\System32\bcryptPrimitives.dll
0x00007ff938ea0000 - 0x00007ff938ece000 	C:\Windows\System32\IMM32.DLL
0x000000006b290000 - 0x000000006b362000 	C:\Program Files\Java\jre1.8.0_131\bin\msvcr100.dll
0x000000006b520000 - 0x000000006bdbc000 	C:\Program Files\Java\jre1.8.0_131\bin\server\jvm.dll
0x00007ff937160000 - 0x00007ff937168000 	C:\Windows\System32\PSAPI.DLL
0x00007ff916f80000 - 0x00007ff916f89000 	C:\Windows\SYSTEM32\WSOCK32.dll
0x00007ff933bc0000 - 0x00007ff933be3000 	C:\Windows\SYSTEM32\WINMM.dll
0x00007ff92f3f0000 - 0x00007ff92f3fa000 	C:\Windows\SYSTEM32\VERSION.dll
0x00007ff938740000 - 0x00007ff9387aa000 	C:\Windows\System32\WS2_32.dll
0x0000000000fd0000 - 0x0000000000ffb000 	C:\Windows\SYSTEM32\WINMMBASE.dll
0x00007ff936220000 - 0x00007ff936262000 	C:\Windows\System32\cfgmgr32.dll
0x000000006d810000 - 0x000000006d81f000 	C:\Program Files\Java\jre1.8.0_131\bin\verify.dll
0x000000006b410000 - 0x000000006b439000 	C:\Program Files\Java\jre1.8.0_131\bin\java.dll
0x000000006b3f0000 - 0x000000006b406000 	C:\Program Files\Java\jre1.8.0_131\bin\zip.dll
0x00007ff9371d0000 - 0x00007ff9386d8000 	C:\Windows\System32\SHELL32.dll
0x00007ff9358b0000 - 0x00007ff935f8a000 	C:\Windows\System32\windows.storage.dll
0x00007ff935840000 - 0x00007ff93588c000 	C:\Windows\System32\powrprof.dll
0x00007ff937170000 - 0x00007ff9371c2000 	C:\Windows\System32\shlwapi.dll
0x00007ff935890000 - 0x00007ff93589f000 	C:\Windows\System32\kernel.appcore.dll
0x00007ff936380000 - 0x00007ff936429000 	C:\Windows\System32\shcore.dll
0x00007ff935820000 - 0x00007ff935834000 	C:\Windows\System32\profapi.dll
0x000000006b0f0000 - 0x000000006b288000 	C:\Program Files\Java\jre1.8.0_131\bin\awt.dll
0x00007ff9387b0000 - 0x00007ff93886f000 	C:\Windows\System32\OLEAUT32.dll
0x00007ff936160000 - 0x00007ff9361fc000 	C:\Windows\System32\msvcp_win.dll
0x00007ff933cb0000 - 0x00007ff933d2a000 	C:\Windows\SYSTEM32\apphelp.dll
0x00007ff933aa0000 - 0x00007ff933ac6000 	C:\Windows\system32\DWMAPI.DLL
0x00007ff933ea0000 - 0x00007ff933f35000 	C:\Windows\system32\uxtheme.dll
0x00007ff915970000 - 0x00007ff915a93000 	C:\Windows\system32\opengl32.dll
0x00007ff915150000 - 0x00007ff915247000 	C:\Windows\SYSTEM32\DDRAW.dll
0x00007ff915890000 - 0x00007ff9158bd000 	C:\Windows\SYSTEM32\GLU32.dll
0x00007ff915880000 - 0x00007ff915888000 	C:\Windows\SYSTEM32\DCIMAN32.dll
0x00007ff938870000 - 0x00007ff9389ca000 	C:\Windows\System32\MSCTF.dll
0x00007ff936ab0000 - 0x00007ff936be8000 	C:\Windows\System32\ole32.dll
0x000000006c870000 - 0x000000006c8b7000 	C:\Program Files\Java\jre1.8.0_131\bin\fontmanager.dll
0x000000006b3d0000 - 0x000000006b3ea000 	C:\Program Files\Java\jre1.8.0_131\bin\net.dll
0x00007ff935150000 - 0x00007ff9351ac000 	C:\Windows\system32\mswsock.dll
0x000000006b3b0000 - 0x000000006b3c1000 	C:\Program Files\Java\jre1.8.0_131\bin\nio.dll
0x000000006b0a0000 - 0x000000006b0e2000 	C:\Program Files\Java\jre1.8.0_131\bin\t2k.dll

VM Arguments:
jvm_args: -Dfile.encoding=Cp1252 
java_command: startgame
java_class_path (initial): C:\Users\lipin\POO\1211874-1321873\bin
Launcher Type: SUN_STANDARD

Environment Variables:
PATH=C:/Program Files/Java/jre1.8.0_131/bin/server;C:/Program Files/Java/jre1.8.0_131/bin;C:/Program Files/Java/jre1.8.0_131/lib/amd64;C:\ProgramData\Oracle\Java\javapath;C:\Program Files (x86)\Intel\iCLS Client\;C:\Program Files\Intel\iCLS Client\;C:\Windows\system32;C:\Windows;C:\Windows\System32\Wbem;C:\Windows\System32\WindowsPowerShell\v1.0\;C:\Program Files (x86)\Intel\Intel(R) Management Engine Components\DAL;C:\Program Files\Intel\Intel(R) Management Engine Components\DAL;C:\Program Files (x86)\Intel\Intel(R) Management Engine Components\IPT;C:\Program Files\Intel\Intel(R) Management Engine Components\IPT;C:\Program Files (x86)\NVIDIA Corporation\PhysX\Common;C:\Users\lipin\AppData\Local\Microsoft\WindowsApps;;C:\Users\lipin\Desktop;
USERNAME=lipin
OS=Windows_NT
PROCESSOR_IDENTIFIER=Intel64 Family 6 Model 78 Stepping 3, GenuineIntel



---------------  S Y S T E M  ---------------

OS: Windows 10.0 , 64 bit Build 14393 (10.0.14393.1198)

CPU:total 4 (initial active 4) (2 cores per cpu, 2 threads per core) family 6 model 78 stepping 3, cmov, cx8, fxsr, mmx, sse, sse2, sse3, ssse3, sse4.1, sse4.2, popcnt, avx, avx2, aes, clmul, erms, 3dnowpref, lzcnt, ht, tsc, tscinvbit, bmi1, bmi2, adx

Memory: 4k page, physical 8292256k(3117736k free), swap 33458080k(5320k free)

vm_info: Java HotSpot(TM) 64-Bit Server VM (25.131-b11) for windows-amd64 JRE (1.8.0_131-b11), built on Mar 15 2017 01:23:53 by "java_re" with MS VC++ 10.0 (VS2010)

time: Sun Jul 02 03:03:17 2017
elapsed time: 1 seconds (0d 0h 0m 1s)

